
**** Build of configuration Debug for project MP_Practice_V10_20140429 ****

"C:\\ti\\ccsv5\\utils\\bin\\gmake" -k all 
'Building file: ../source/ADC.c'
'Invoking: C2000 Compiler'
"C:/ti/ccsv5/tools/compiler/c2000_6.2.4/bin/cl2000" -v28 -ml -mt --float_support=fpu32 -g --include_path="C:/Users/HJHeo/Desktop/4_29/MP_Practice_V10_20140429/include" --include_path="C:/ti/ccsv5/tools/compiler/c2000_6.2.4/include" --diag_warning=225 --display_error_number --preproc_with_compile --preproc_dependency="source/ADC.pp" --obj_directory="source"  "../source/ADC.c"
'Finished building: ../source/ADC.c'
' '
'Building file: ../source/CPUTimers.c'
'Invoking: C2000 Compiler'
"C:/ti/ccsv5/tools/compiler/c2000_6.2.4/bin/cl2000" -v28 -ml -mt --float_support=fpu32 -g --include_path="C:/Users/HJHeo/Desktop/4_29/MP_Practice_V10_20140429/include" --include_path="C:/ti/ccsv5/tools/compiler/c2000_6.2.4/include" --diag_warning=225 --display_error_number --preproc_with_compile --preproc_dependency="source/CPUTimers.pp" --obj_directory="source"  "../source/CPUTimers.c"
'Finished building: ../source/CPUTimers.c'
' '
'Building file: ../source/GPIO.c'
'Invoking: C2000 Compiler'
"C:/ti/ccsv5/tools/compiler/c2000_6.2.4/bin/cl2000" -v28 -ml -mt --float_support=fpu32 -g --include_path="C:/Users/HJHeo/Desktop/4_29/MP_Practice_V10_20140429/include" --include_path="C:/ti/ccsv5/tools/compiler/c2000_6.2.4/include" --diag_warning=225 --display_error_number --preproc_with_compile --preproc_dependency="source/GPIO.pp" --obj_directory="source"  "../source/GPIO.c"
'Finished building: ../source/GPIO.c'
' '
'Building file: ../source/Interrupt.c'
'Invoking: C2000 Compiler'
"C:/ti/ccsv5/tools/compiler/c2000_6.2.4/bin/cl2000" -v28 -ml -mt --float_support=fpu32 -g --include_path="C:/Users/HJHeo/Desktop/4_29/MP_Practice_V10_20140429/include" --include_path="C:/ti/ccsv5/tools/compiler/c2000_6.2.4/include" --diag_warning=225 --display_error_number --preproc_with_compile --preproc_dependency="source/Interrupt.pp" --obj_directory="source"  "../source/Interrupt.c"
"../source/Interrupt.c", line 65: warning #225-D: function "LED" declared implicitly
'Finished building: ../source/Interrupt.c'
' '
'Building file: ../source/LED.c'
'Invoking: C2000 Compiler'
"C:/ti/ccsv5/tools/compiler/c2000_6.2.4/bin/cl2000" -v28 -ml -mt --float_support=fpu32 -g --include_path="C:/Users/HJHeo/Desktop/4_29/MP_Practice_V10_20140429/include" --include_path="C:/ti/ccsv5/tools/compiler/c2000_6.2.4/include" --diag_warning=225 --display_error_number --preproc_with_compile --preproc_dependency="source/LED.pp" --obj_directory="source"  "../source/LED.c"
'Finished building: ../source/LED.c'
' '
'Building file: ../source/SysCtrl.c'
'Invoking: C2000 Compiler'
"C:/ti/ccsv5/tools/compiler/c2000_6.2.4/bin/cl2000" -v28 -ml -mt --float_support=fpu32 -g --include_path="C:/Users/HJHeo/Desktop/4_29/MP_Practice_V10_20140429/include" --include_path="C:/ti/ccsv5/tools/compiler/c2000_6.2.4/include" --diag_warning=225 --display_error_number --preproc_with_compile --preproc_dependency="source/SysCtrl.pp" --obj_directory="source"  "../source/SysCtrl.c"
'Finished building: ../source/SysCtrl.c'
' '
'Building file: ../source/WatchDog.c'
'Invoking: C2000 Compiler'
"C:/ti/ccsv5/tools/compiler/c2000_6.2.4/bin/cl2000" -v28 -ml -mt --float_support=fpu32 -g --include_path="C:/Users/HJHeo/Desktop/4_29/MP_Practice_V10_20140429/include" --include_path="C:/ti/ccsv5/tools/compiler/c2000_6.2.4/include" --diag_warning=225 --display_error_number --preproc_with_compile --preproc_dependency="source/WatchDog.pp" --obj_directory="source"  "../source/WatchDog.c"
'Finished building: ../source/WatchDog.c'
' '
'Building file: ../source/Xintf.c'
'Invoking: C2000 Compiler'
"C:/ti/ccsv5/tools/compiler/c2000_6.2.4/bin/cl2000" -v28 -ml -mt --float_support=fpu32 -g --include_path="C:/Users/HJHeo/Desktop/4_29/MP_Practice_V10_20140429/include" --include_path="C:/ti/ccsv5/tools/compiler/c2000_6.2.4/include" --diag_warning=225 --display_error_number --preproc_with_compile --preproc_dependency="source/Xintf.pp" --obj_directory="source"  "../source/Xintf.c"
'Finished building: ../source/Xintf.c'
' '
'Building file: ../source/main.c'
'Invoking: C2000 Compiler'
"C:/ti/ccsv5/tools/compiler/c2000_6.2.4/bin/cl2000" -v28 -ml -mt --float_support=fpu32 -g --include_path="C:/Users/HJHeo/Desktop/4_29/MP_Practice_V10_20140429/include" --include_path="C:/ti/ccsv5/tools/compiler/c2000_6.2.4/include" --diag_warning=225 --display_error_number --preproc_with_compile --preproc_dependency="source/main.pp" --obj_directory="source"  "../source/main.c"
"../source/main.c", line 23: warning #225-D: function "Init_PWM" declared implicitly
"../source/main.c", line 28: warning #225-D: function "Start_PWM" declared implicitly
'Finished building: ../source/main.c'
' '
'Building target: MP_Practice_V10_20140429.out'
'Invoking: C2000 Linker'
"C:/ti/ccsv5/tools/compiler/c2000_6.2.4/bin/cl2000" -v28 -ml -mt --float_support=fpu32 -g --diag_warning=225 --display_error_number -z --stack_size=0x300 -m"MP_Practice_V10_20140429.map" --warn_sections -i"C:/ti/ccsv5/tools/compiler/c2000_6.2.4/lib" -i"C:/ti/ccsv5/tools/compiler/c2000_6.2.4/include" --reread_libs --display_error_number --xml_link_info="MP_Practice_V10_20140429_linkInfo.xml" --rom_model -o "MP_Practice_V10_20140429.out"  "./source/main.obj" "./source/Xintf.obj" "./source/WatchDog.obj" "./source/SysCtrl.obj" "./source/LED.obj" "./source/Interrupt.obj" "./source/GPIO.obj" "./source/DSP2834x_usDelay.obj" "./source/DSP2834x_GlobalVariableDefs.obj" "./source/CPUTimers.obj" "./source/ADC.obj" "../28346_RAM_lnk.cmd" "../cmd/DSP2834x_Headers_nonBIOS.cmd" -l"libc.a" 
<Linking>
'Finished building target: MP_Practice_V10_20140429.out'
' '

**** Build Finished ****
