
**** Build of configuration Debug for project SERVO_DRVIE_28346_160307_1131 ****

"C:\\ti\\ccsv5\\utils\\bin\\gmake" -k all 
'Building file: ../Source/Auto_Angle.c'
'Invoking: C2000 Compiler'
"C:/ti/ccsv5/tools/compiler/c2000_6.2.0/bin/cl2000" -v28 -ml -mt --float_support=fpu32 --include_path="D:/1. Code/2. SERVO/WIA_DRIVE_28346/SERVO_DRVIE_28346_160307_1131/Include" --include_path="C:/ti/ccsv5/tools/compiler/c2000_6.2.0/Include" -g --diag_warning=225 --display_error_number --preproc_with_compile --preproc_dependency="Source/Auto_Angle.pp" --obj_directory="Source"  "../Source/Auto_Angle.c"
'Finished building: ../Source/Auto_Angle.c'
' '
'Building file: ../Source/Auto_Mode.c'
'Invoking: C2000 Compiler'
"C:/ti/ccsv5/tools/compiler/c2000_6.2.0/bin/cl2000" -v28 -ml -mt --float_support=fpu32 --include_path="D:/1. Code/2. SERVO/WIA_DRIVE_28346/SERVO_DRVIE_28346_160307_1131/Include" --include_path="C:/ti/ccsv5/tools/compiler/c2000_6.2.0/Include" -g --diag_warning=225 --display_error_number --preproc_with_compile --preproc_dependency="Source/Auto_Mode.pp" --obj_directory="Source"  "../Source/Auto_Mode.c"
'Finished building: ../Source/Auto_Mode.c'
' '
'Building file: ../Source/CAN.c'
'Invoking: C2000 Compiler'
"C:/ti/ccsv5/tools/compiler/c2000_6.2.0/bin/cl2000" -v28 -ml -mt --float_support=fpu32 --include_path="D:/1. Code/2. SERVO/WIA_DRIVE_28346/SERVO_DRVIE_28346_160307_1131/Include" --include_path="C:/ti/ccsv5/tools/compiler/c2000_6.2.0/Include" -g --diag_warning=225 --display_error_number --preproc_with_compile --preproc_dependency="Source/CAN.pp" --obj_directory="Source"  "../Source/CAN.c"
'Finished building: ../Source/CAN.c'
' '
'Building file: ../Source/CPUTimers.c'
'Invoking: C2000 Compiler'
"C:/ti/ccsv5/tools/compiler/c2000_6.2.0/bin/cl2000" -v28 -ml -mt --float_support=fpu32 --include_path="D:/1. Code/2. SERVO/WIA_DRIVE_28346/SERVO_DRVIE_28346_160307_1131/Include" --include_path="C:/ti/ccsv5/tools/compiler/c2000_6.2.0/Include" -g --diag_warning=225 --display_error_number --preproc_with_compile --preproc_dependency="Source/CPUTimers.pp" --obj_directory="Source"  "../Source/CPUTimers.c"
'Finished building: ../Source/CPUTimers.c'
' '
'Building file: ../Source/DAC.c'
'Invoking: C2000 Compiler'
"C:/ti/ccsv5/tools/compiler/c2000_6.2.0/bin/cl2000" -v28 -ml -mt --float_support=fpu32 --include_path="D:/1. Code/2. SERVO/WIA_DRIVE_28346/SERVO_DRVIE_28346_160307_1131/Include" --include_path="C:/ti/ccsv5/tools/compiler/c2000_6.2.0/Include" -g --diag_warning=225 --display_error_number --preproc_with_compile --preproc_dependency="Source/DAC.pp" --obj_directory="Source"  "../Source/DAC.c"
'Finished building: ../Source/DAC.c'
' '
'Building file: ../Source/EXT_FPGA.c'
'Invoking: C2000 Compiler'
"C:/ti/ccsv5/tools/compiler/c2000_6.2.0/bin/cl2000" -v28 -ml -mt --float_support=fpu32 --include_path="D:/1. Code/2. SERVO/WIA_DRIVE_28346/SERVO_DRVIE_28346_160307_1131/Include" --include_path="C:/ti/ccsv5/tools/compiler/c2000_6.2.0/Include" -g --diag_warning=225 --display_error_number --preproc_with_compile --preproc_dependency="Source/EXT_FPGA.pp" --obj_directory="Source"  "../Source/EXT_FPGA.c"
'Finished building: ../Source/EXT_FPGA.c'
' '
'Building file: ../Source/Fault.c'
'Invoking: C2000 Compiler'
"C:/ti/ccsv5/tools/compiler/c2000_6.2.0/bin/cl2000" -v28 -ml -mt --float_support=fpu32 --include_path="D:/1. Code/2. SERVO/WIA_DRIVE_28346/SERVO_DRVIE_28346_160307_1131/Include" --include_path="C:/ti/ccsv5/tools/compiler/c2000_6.2.0/Include" -g --diag_warning=225 --display_error_number --preproc_with_compile --preproc_dependency="Source/Fault.pp" --obj_directory="Source"  "../Source/Fault.c"
'Finished building: ../Source/Fault.c'
' '
'Building file: ../Source/Fnd_key.c'
'Invoking: C2000 Compiler'
"C:/ti/ccsv5/tools/compiler/c2000_6.2.0/bin/cl2000" -v28 -ml -mt --float_support=fpu32 --include_path="D:/1. Code/2. SERVO/WIA_DRIVE_28346/SERVO_DRVIE_28346_160307_1131/Include" --include_path="C:/ti/ccsv5/tools/compiler/c2000_6.2.0/Include" -g --diag_warning=225 --display_error_number --preproc_with_compile --preproc_dependency="Source/Fnd_key.pp" --obj_directory="Source"  "../Source/Fnd_key.c"
'Finished building: ../Source/Fnd_key.c'
' '
'Building file: ../Source/GPIO.c'
'Invoking: C2000 Compiler'
"C:/ti/ccsv5/tools/compiler/c2000_6.2.0/bin/cl2000" -v28 -ml -mt --float_support=fpu32 --include_path="D:/1. Code/2. SERVO/WIA_DRIVE_28346/SERVO_DRVIE_28346_160307_1131/Include" --include_path="C:/ti/ccsv5/tools/compiler/c2000_6.2.0/Include" -g --diag_warning=225 --display_error_number --preproc_with_compile --preproc_dependency="Source/GPIO.pp" --obj_directory="Source"  "../Source/GPIO.c"
'Finished building: ../Source/GPIO.c'
' '
'Building file: ../Source/I2C.c'
'Invoking: C2000 Compiler'
"C:/ti/ccsv5/tools/compiler/c2000_6.2.0/bin/cl2000" -v28 -ml -mt --float_support=fpu32 --include_path="D:/1. Code/2. SERVO/WIA_DRIVE_28346/SERVO_DRVIE_28346_160307_1131/Include" --include_path="C:/ti/ccsv5/tools/compiler/c2000_6.2.0/Include" -g --diag_warning=225 --display_error_number --preproc_with_compile --preproc_dependency="Source/I2C.pp" --obj_directory="Source"  "../Source/I2C.c"
'Finished building: ../Source/I2C.c'
' '
'Building file: ../Source/LED.c'
'Invoking: C2000 Compiler'
"C:/ti/ccsv5/tools/compiler/c2000_6.2.0/bin/cl2000" -v28 -ml -mt --float_support=fpu32 --include_path="D:/1. Code/2. SERVO/WIA_DRIVE_28346/SERVO_DRVIE_28346_160307_1131/Include" --include_path="C:/ti/ccsv5/tools/compiler/c2000_6.2.0/Include" -g --diag_warning=225 --display_error_number --preproc_with_compile --preproc_dependency="Source/LED.pp" --obj_directory="Source"  "../Source/LED.c"
'Finished building: ../Source/LED.c'
' '
'Building file: ../Source/LPF.c'
'Invoking: C2000 Compiler'
"C:/ti/ccsv5/tools/compiler/c2000_6.2.0/bin/cl2000" -v28 -ml -mt --float_support=fpu32 --include_path="D:/1. Code/2. SERVO/WIA_DRIVE_28346/SERVO_DRVIE_28346_160307_1131/Include" --include_path="C:/ti/ccsv5/tools/compiler/c2000_6.2.0/Include" -g --diag_warning=225 --display_error_number --preproc_with_compile --preproc_dependency="Source/LPF.pp" --obj_directory="Source"  "../Source/LPF.c"
'Finished building: ../Source/LPF.c'
' '
'Building file: ../Source/M1_Interrupt.c'
'Invoking: C2000 Compiler'
"C:/ti/ccsv5/tools/compiler/c2000_6.2.0/bin/cl2000" -v28 -ml -mt --float_support=fpu32 --include_path="D:/1. Code/2. SERVO/WIA_DRIVE_28346/SERVO_DRVIE_28346_160307_1131/Include" --include_path="C:/ti/ccsv5/tools/compiler/c2000_6.2.0/Include" -g --diag_warning=225 --display_error_number --preproc_with_compile --preproc_dependency="Source/M1_Interrupt.pp" --obj_directory="Source"  "../Source/M1_Interrupt.c"
'Finished building: ../Source/M1_Interrupt.c'
' '
'Building file: ../Source/M2_Interrupt.c'
'Invoking: C2000 Compiler'
"C:/ti/ccsv5/tools/compiler/c2000_6.2.0/bin/cl2000" -v28 -ml -mt --float_support=fpu32 --include_path="D:/1. Code/2. SERVO/WIA_DRIVE_28346/SERVO_DRVIE_28346_160307_1131/Include" --include_path="C:/ti/ccsv5/tools/compiler/c2000_6.2.0/Include" -g --diag_warning=225 --display_error_number --preproc_with_compile --preproc_dependency="Source/M2_Interrupt.pp" --obj_directory="Source"  "../Source/M2_Interrupt.c"
'Finished building: ../Source/M2_Interrupt.c'
' '
'Building file: ../Source/McBSP.c'
'Invoking: C2000 Compiler'
"C:/ti/ccsv5/tools/compiler/c2000_6.2.0/bin/cl2000" -v28 -ml -mt --float_support=fpu32 --include_path="D:/1. Code/2. SERVO/WIA_DRIVE_28346/SERVO_DRVIE_28346_160307_1131/Include" --include_path="C:/ti/ccsv5/tools/compiler/c2000_6.2.0/Include" -g --diag_warning=225 --display_error_number --preproc_with_compile --preproc_dependency="Source/McBSP.pp" --obj_directory="Source"  "../Source/McBSP.c"
'Finished building: ../Source/McBSP.c'
' '
'Building file: ../Source/Motor_Control.c'
'Invoking: C2000 Compiler'
"C:/ti/ccsv5/tools/compiler/c2000_6.2.0/bin/cl2000" -v28 -ml -mt --float_support=fpu32 --include_path="D:/1. Code/2. SERVO/WIA_DRIVE_28346/SERVO_DRVIE_28346_160307_1131/Include" --include_path="C:/ti/ccsv5/tools/compiler/c2000_6.2.0/Include" -g --diag_warning=225 --display_error_number --preproc_with_compile --preproc_dependency="Source/Motor_Control.pp" --obj_directory="Source"  "../Source/Motor_Control.c"
'Finished building: ../Source/Motor_Control.c'
' '
'Building file: ../Source/Position_Speed.c'
'Invoking: C2000 Compiler'
"C:/ti/ccsv5/tools/compiler/c2000_6.2.0/bin/cl2000" -v28 -ml -mt --float_support=fpu32 --include_path="D:/1. Code/2. SERVO/WIA_DRIVE_28346/SERVO_DRVIE_28346_160307_1131/Include" --include_path="C:/ti/ccsv5/tools/compiler/c2000_6.2.0/Include" -g --diag_warning=225 --display_error_number --preproc_with_compile --preproc_dependency="Source/Position_Speed.pp" --obj_directory="Source"  "../Source/Position_Speed.c"
'Finished building: ../Source/Position_Speed.c'
' '
'Building file: ../Source/SCI.c'
'Invoking: C2000 Compiler'
"C:/ti/ccsv5/tools/compiler/c2000_6.2.0/bin/cl2000" -v28 -ml -mt --float_support=fpu32 --include_path="D:/1. Code/2. SERVO/WIA_DRIVE_28346/SERVO_DRVIE_28346_160307_1131/Include" --include_path="C:/ti/ccsv5/tools/compiler/c2000_6.2.0/Include" -g --diag_warning=225 --display_error_number --preproc_with_compile --preproc_dependency="Source/SCI.pp" --obj_directory="Source"  "../Source/SCI.c"
'Finished building: ../Source/SCI.c'
' '
'Building file: ../Source/SPI.c'
'Invoking: C2000 Compiler'
"C:/ti/ccsv5/tools/compiler/c2000_6.2.0/bin/cl2000" -v28 -ml -mt --float_support=fpu32 --include_path="D:/1. Code/2. SERVO/WIA_DRIVE_28346/SERVO_DRVIE_28346_160307_1131/Include" --include_path="C:/ti/ccsv5/tools/compiler/c2000_6.2.0/Include" -g --diag_warning=225 --display_error_number --preproc_with_compile --preproc_dependency="Source/SPI.pp" --obj_directory="Source"  "../Source/SPI.c"
'Finished building: ../Source/SPI.c'
' '
'Building file: ../Source/SVPWM.c'
'Invoking: C2000 Compiler'
"C:/ti/ccsv5/tools/compiler/c2000_6.2.0/bin/cl2000" -v28 -ml -mt --float_support=fpu32 --include_path="D:/1. Code/2. SERVO/WIA_DRIVE_28346/SERVO_DRVIE_28346_160307_1131/Include" --include_path="C:/ti/ccsv5/tools/compiler/c2000_6.2.0/Include" -g --diag_warning=225 --display_error_number --preproc_with_compile --preproc_dependency="Source/SVPWM.pp" --obj_directory="Source"  "../Source/SVPWM.c"
'Finished building: ../Source/SVPWM.c'
' '
'Building file: ../Source/Sensor.c'
'Invoking: C2000 Compiler'
"C:/ti/ccsv5/tools/compiler/c2000_6.2.0/bin/cl2000" -v28 -ml -mt --float_support=fpu32 --include_path="D:/1. Code/2. SERVO/WIA_DRIVE_28346/SERVO_DRVIE_28346_160307_1131/Include" --include_path="C:/ti/ccsv5/tools/compiler/c2000_6.2.0/Include" -g --diag_warning=225 --display_error_number --preproc_with_compile --preproc_dependency="Source/Sensor.pp" --obj_directory="Source"  "../Source/Sensor.c"
'Finished building: ../Source/Sensor.c'
' '
'Building file: ../Source/SysCtrl.c'
'Invoking: C2000 Compiler'
"C:/ti/ccsv5/tools/compiler/c2000_6.2.0/bin/cl2000" -v28 -ml -mt --float_support=fpu32 --include_path="D:/1. Code/2. SERVO/WIA_DRIVE_28346/SERVO_DRVIE_28346_160307_1131/Include" --include_path="C:/ti/ccsv5/tools/compiler/c2000_6.2.0/Include" -g --diag_warning=225 --display_error_number --preproc_with_compile --preproc_dependency="Source/SysCtrl.pp" --obj_directory="Source"  "../Source/SysCtrl.c"
'Finished building: ../Source/SysCtrl.c'
' '
'Building file: ../Source/Torque_Control.c'
'Invoking: C2000 Compiler'
"C:/ti/ccsv5/tools/compiler/c2000_6.2.0/bin/cl2000" -v28 -ml -mt --float_support=fpu32 --include_path="D:/1. Code/2. SERVO/WIA_DRIVE_28346/SERVO_DRVIE_28346_160307_1131/Include" --include_path="C:/ti/ccsv5/tools/compiler/c2000_6.2.0/Include" -g --diag_warning=225 --display_error_number --preproc_with_compile --preproc_dependency="Source/Torque_Control.pp" --obj_directory="Source"  "../Source/Torque_Control.c"
'Finished building: ../Source/Torque_Control.c'
' '
'Building file: ../Source/WatchDog.c'
'Invoking: C2000 Compiler'
"C:/ti/ccsv5/tools/compiler/c2000_6.2.0/bin/cl2000" -v28 -ml -mt --float_support=fpu32 --include_path="D:/1. Code/2. SERVO/WIA_DRIVE_28346/SERVO_DRVIE_28346_160307_1131/Include" --include_path="C:/ti/ccsv5/tools/compiler/c2000_6.2.0/Include" -g --diag_warning=225 --display_error_number --preproc_with_compile --preproc_dependency="Source/WatchDog.pp" --obj_directory="Source"  "../Source/WatchDog.c"
'Finished building: ../Source/WatchDog.c'
' '
'Building file: ../Source/Xintf.c'
'Invoking: C2000 Compiler'
"C:/ti/ccsv5/tools/compiler/c2000_6.2.0/bin/cl2000" -v28 -ml -mt --float_support=fpu32 --include_path="D:/1. Code/2. SERVO/WIA_DRIVE_28346/SERVO_DRVIE_28346_160307_1131/Include" --include_path="C:/ti/ccsv5/tools/compiler/c2000_6.2.0/Include" -g --diag_warning=225 --display_error_number --preproc_with_compile --preproc_dependency="Source/Xintf.pp" --obj_directory="Source"  "../Source/Xintf.c"
'Finished building: ../Source/Xintf.c'
' '
'Building file: ../Source/ePWM.c'
'Invoking: C2000 Compiler'
"C:/ti/ccsv5/tools/compiler/c2000_6.2.0/bin/cl2000" -v28 -ml -mt --float_support=fpu32 --include_path="D:/1. Code/2. SERVO/WIA_DRIVE_28346/SERVO_DRVIE_28346_160307_1131/Include" --include_path="C:/ti/ccsv5/tools/compiler/c2000_6.2.0/Include" -g --diag_warning=225 --display_error_number --preproc_with_compile --preproc_dependency="Source/ePWM.pp" --obj_directory="Source"  "../Source/ePWM.c"
'Finished building: ../Source/ePWM.c'
' '
'Building file: ../Source/eQEP.c'
'Invoking: C2000 Compiler'
"C:/ti/ccsv5/tools/compiler/c2000_6.2.0/bin/cl2000" -v28 -ml -mt --float_support=fpu32 --include_path="D:/1. Code/2. SERVO/WIA_DRIVE_28346/SERVO_DRVIE_28346_160307_1131/Include" --include_path="C:/ti/ccsv5/tools/compiler/c2000_6.2.0/Include" -g --diag_warning=225 --display_error_number --preproc_with_compile --preproc_dependency="Source/eQEP.pp" --obj_directory="Source"  "../Source/eQEP.c"
'Finished building: ../Source/eQEP.c'
' '
'Building file: ../Source/main.c'
'Invoking: C2000 Compiler'
"C:/ti/ccsv5/tools/compiler/c2000_6.2.0/bin/cl2000" -v28 -ml -mt --float_support=fpu32 --include_path="D:/1. Code/2. SERVO/WIA_DRIVE_28346/SERVO_DRVIE_28346_160307_1131/Include" --include_path="C:/ti/ccsv5/tools/compiler/c2000_6.2.0/Include" -g --diag_warning=225 --display_error_number --preproc_with_compile --preproc_dependency="Source/main.pp" --obj_directory="Source"  "../Source/main.c"
'Finished building: ../Source/main.c'
' '
'Building target: SERVO_DRVIE_28346_160307_1131.out'
'Invoking: C2000 Linker'
"C:/ti/ccsv5/tools/compiler/c2000_6.2.0/bin/cl2000" -v28 -ml -mt --float_support=fpu32 -g --diag_warning=225 --display_error_number -z -m"SERVO_DRVIE_28346_160307_1131.map" --stack_size=0x300 --warn_sections -i"C:/ti/ccsv5/tools/compiler/c2000_6.2.0/lib" -i"D:/1. Code/2. SERVO/WIA_DRIVE_28346/SERVO_DRVIE_28346_160307_1131/Source" -i"C:/ti/ccsv5/tools/compiler/c2000_6.2.0/include" --reread_libs --display_error_number --xml_link_info="SERVO_DRVIE_28346_160307_1131_linkInfo.xml" --rom_model -o "SERVO_DRVIE_28346_160307_1131.out"  "./Source/main.obj" "./Source/eQEP.obj" "./Source/ePWM.obj" "./Source/Xintf.obj" "./Source/WatchDog.obj" "./Source/Torque_Control.obj" "./Source/SysCtrl.obj" "./Source/Sensor.obj" "./Source/SVPWM.obj" "./Source/SPI.obj" "./Source/SCI.obj" "./Source/Position_Speed.obj" "./Source/Motor_Control.obj" "./Source/McBSP.obj" "./Source/M2_Interrupt.obj" "./Source/M1_Interrupt.obj" "./Source/LPF.obj" "./Source/LED.obj" "./Source/I2C.obj" "./Source/GPIO.obj" "./Source/Fnd_key.obj" "./Source/Fault.obj" "./Source/EXT_FPGA.obj" "./Source/DSP2834x_usDelay.obj" "./Source/DSP2834x_GlobalVariableDefs.obj" "./Source/DSP2834x_CodeStartBranch.obj" "./Source/DAC.obj" "./Source/CPUTimers.obj" "./Source/CAN.obj" "./Source/Auto_Mode.obj" "./Source/Auto_Angle.obj" "../28346_RAM_lnk.cmd" "../cmd/DSP2834x_Headers_nonBIOS.cmd" -l"libc.a" 
<Linking>
'Finished building target: SERVO_DRVIE_28346_160307_1131.out'
' '

**** Build Finished ****
