
**** Build of configuration Debug for project T220_2P0_020_C0P0_TI28346_241128_0919 ****

"C:\\ti\\ccs1281\\ccs\\utils\\bin\\gmake" -k all 
 
Building file: "../Source/Auto_Angle.c"
Invoking: C2000 Compiler
"C:/ti/ccs1281/ccs/tools/compiler/ti-cgt-c2000_22.6.1.LTS/bin/cl2000" -v28 -ml -mt --float_support=fpu32 -O4 --opt_for_speed=2 --include_path="D:/6_CncServo/1_CncServoCode/2_KCNC_T220_2P0_020_TI28346/T220_2P0_020_C0P0_TI28346_241128_0919/Include" --include_path="C:/ti/ccs1281/ccs/tools/compiler/ti-cgt-c2000_22.6.1.LTS/Include" -g --diag_warning=225 --display_error_number --abi=coffabi --preproc_with_compile --preproc_dependency="Source/Auto_Angle.d_raw" --obj_directory="Source"  "../Source/Auto_Angle.c"
Finished building: "../Source/Auto_Angle.c"
 
Building file: "../Source/Auto_Mode.c"
Invoking: C2000 Compiler
"C:/ti/ccs1281/ccs/tools/compiler/ti-cgt-c2000_22.6.1.LTS/bin/cl2000" -v28 -ml -mt --float_support=fpu32 -O4 --opt_for_speed=2 --include_path="D:/6_CncServo/1_CncServoCode/2_KCNC_T220_2P0_020_TI28346/T220_2P0_020_C0P0_TI28346_241128_0919/Include" --include_path="C:/ti/ccs1281/ccs/tools/compiler/ti-cgt-c2000_22.6.1.LTS/Include" -g --diag_warning=225 --display_error_number --abi=coffabi --preproc_with_compile --preproc_dependency="Source/Auto_Mode.d_raw" --obj_directory="Source"  "../Source/Auto_Mode.c"
Finished building: "../Source/Auto_Mode.c"
 
Building file: "../Source/CAN.c"
Invoking: C2000 Compiler
"C:/ti/ccs1281/ccs/tools/compiler/ti-cgt-c2000_22.6.1.LTS/bin/cl2000" -v28 -ml -mt --float_support=fpu32 -O4 --opt_for_speed=2 --include_path="D:/6_CncServo/1_CncServoCode/2_KCNC_T220_2P0_020_TI28346/T220_2P0_020_C0P0_TI28346_241128_0919/Include" --include_path="C:/ti/ccs1281/ccs/tools/compiler/ti-cgt-c2000_22.6.1.LTS/Include" -g --diag_warning=225 --display_error_number --abi=coffabi --preproc_with_compile --preproc_dependency="Source/CAN.d_raw" --obj_directory="Source"  "../Source/CAN.c"
Finished building: "../Source/CAN.c"
 
Building file: "../Source/CPUTimers.c"
Invoking: C2000 Compiler
"C:/ti/ccs1281/ccs/tools/compiler/ti-cgt-c2000_22.6.1.LTS/bin/cl2000" -v28 -ml -mt --float_support=fpu32 -O4 --opt_for_speed=2 --include_path="D:/6_CncServo/1_CncServoCode/2_KCNC_T220_2P0_020_TI28346/T220_2P0_020_C0P0_TI28346_241128_0919/Include" --include_path="C:/ti/ccs1281/ccs/tools/compiler/ti-cgt-c2000_22.6.1.LTS/Include" -g --diag_warning=225 --display_error_number --abi=coffabi --preproc_with_compile --preproc_dependency="Source/CPUTimers.d_raw" --obj_directory="Source"  "../Source/CPUTimers.c"
Finished building: "../Source/CPUTimers.c"
 
Building file: "../Source/Communication.c"
Invoking: C2000 Compiler
"C:/ti/ccs1281/ccs/tools/compiler/ti-cgt-c2000_22.6.1.LTS/bin/cl2000" -v28 -ml -mt --float_support=fpu32 -O4 --opt_for_speed=2 --include_path="D:/6_CncServo/1_CncServoCode/2_KCNC_T220_2P0_020_TI28346/T220_2P0_020_C0P0_TI28346_241128_0919/Include" --include_path="C:/ti/ccs1281/ccs/tools/compiler/ti-cgt-c2000_22.6.1.LTS/Include" -g --diag_warning=225 --display_error_number --abi=coffabi --preproc_with_compile --preproc_dependency="Source/Communication.d_raw" --obj_directory="Source"  "../Source/Communication.c"
Finished building: "../Source/Communication.c"
 
Building file: "../Source/DAC.c"
Invoking: C2000 Compiler
"C:/ti/ccs1281/ccs/tools/compiler/ti-cgt-c2000_22.6.1.LTS/bin/cl2000" -v28 -ml -mt --float_support=fpu32 -O4 --opt_for_speed=2 --include_path="D:/6_CncServo/1_CncServoCode/2_KCNC_T220_2P0_020_TI28346/T220_2P0_020_C0P0_TI28346_241128_0919/Include" --include_path="C:/ti/ccs1281/ccs/tools/compiler/ti-cgt-c2000_22.6.1.LTS/Include" -g --diag_warning=225 --display_error_number --abi=coffabi --preproc_with_compile --preproc_dependency="Source/DAC.d_raw" --obj_directory="Source"  "../Source/DAC.c"
Finished building: "../Source/DAC.c"
 
Building file: "../Source/DSP2834x_CodeStartBranch.asm"
Invoking: C2000 Compiler
"C:/ti/ccs1281/ccs/tools/compiler/ti-cgt-c2000_22.6.1.LTS/bin/cl2000" -v28 -ml -mt --float_support=fpu32 -O4 --opt_for_speed=2 --include_path="D:/6_CncServo/1_CncServoCode/2_KCNC_T220_2P0_020_TI28346/T220_2P0_020_C0P0_TI28346_241128_0919/Include" --include_path="C:/ti/ccs1281/ccs/tools/compiler/ti-cgt-c2000_22.6.1.LTS/Include" -g --diag_warning=225 --display_error_number --abi=coffabi --preproc_with_compile --preproc_dependency="Source/DSP2834x_CodeStartBranch.d_raw" --obj_directory="Source"  "../Source/DSP2834x_CodeStartBranch.asm"
Finished building: "../Source/DSP2834x_CodeStartBranch.asm"
 
Building file: "../Source/DSP2834x_GlobalVariableDefs.c"
Invoking: C2000 Compiler
"C:/ti/ccs1281/ccs/tools/compiler/ti-cgt-c2000_22.6.1.LTS/bin/cl2000" -v28 -ml -mt --float_support=fpu32 -O4 --opt_for_speed=2 --include_path="D:/6_CncServo/1_CncServoCode/2_KCNC_T220_2P0_020_TI28346/T220_2P0_020_C0P0_TI28346_241128_0919/Include" --include_path="C:/ti/ccs1281/ccs/tools/compiler/ti-cgt-c2000_22.6.1.LTS/Include" -g --diag_warning=225 --display_error_number --abi=coffabi --preproc_with_compile --preproc_dependency="Source/DSP2834x_GlobalVariableDefs.d_raw" --obj_directory="Source"  "../Source/DSP2834x_GlobalVariableDefs.c"
Finished building: "../Source/DSP2834x_GlobalVariableDefs.c"
 
Building file: "../Source/DSP2834x_usDelay.asm"
Invoking: C2000 Compiler
"C:/ti/ccs1281/ccs/tools/compiler/ti-cgt-c2000_22.6.1.LTS/bin/cl2000" -v28 -ml -mt --float_support=fpu32 -O4 --opt_for_speed=2 --include_path="D:/6_CncServo/1_CncServoCode/2_KCNC_T220_2P0_020_TI28346/T220_2P0_020_C0P0_TI28346_241128_0919/Include" --include_path="C:/ti/ccs1281/ccs/tools/compiler/ti-cgt-c2000_22.6.1.LTS/Include" -g --diag_warning=225 --display_error_number --abi=coffabi --preproc_with_compile --preproc_dependency="Source/DSP2834x_usDelay.d_raw" --obj_directory="Source"  "../Source/DSP2834x_usDelay.asm"
Finished building: "../Source/DSP2834x_usDelay.asm"
 
Building file: "../Source/EXT_FPGA.c"
Invoking: C2000 Compiler
"C:/ti/ccs1281/ccs/tools/compiler/ti-cgt-c2000_22.6.1.LTS/bin/cl2000" -v28 -ml -mt --float_support=fpu32 -O4 --opt_for_speed=2 --include_path="D:/6_CncServo/1_CncServoCode/2_KCNC_T220_2P0_020_TI28346/T220_2P0_020_C0P0_TI28346_241128_0919/Include" --include_path="C:/ti/ccs1281/ccs/tools/compiler/ti-cgt-c2000_22.6.1.LTS/Include" -g --diag_warning=225 --display_error_number --abi=coffabi --preproc_with_compile --preproc_dependency="Source/EXT_FPGA.d_raw" --obj_directory="Source"  "../Source/EXT_FPGA.c"
Finished building: "../Source/EXT_FPGA.c"
 
Building file: "../Source/Fault.c"
Invoking: C2000 Compiler
"C:/ti/ccs1281/ccs/tools/compiler/ti-cgt-c2000_22.6.1.LTS/bin/cl2000" -v28 -ml -mt --float_support=fpu32 -O4 --opt_for_speed=2 --include_path="D:/6_CncServo/1_CncServoCode/2_KCNC_T220_2P0_020_TI28346/T220_2P0_020_C0P0_TI28346_241128_0919/Include" --include_path="C:/ti/ccs1281/ccs/tools/compiler/ti-cgt-c2000_22.6.1.LTS/Include" -g --diag_warning=225 --display_error_number --abi=coffabi --preproc_with_compile --preproc_dependency="Source/Fault.d_raw" --obj_directory="Source"  "../Source/Fault.c"
Finished building: "../Source/Fault.c"
 
Building file: "../Source/Fnd_key.c"
Invoking: C2000 Compiler
"C:/ti/ccs1281/ccs/tools/compiler/ti-cgt-c2000_22.6.1.LTS/bin/cl2000" -v28 -ml -mt --float_support=fpu32 -O4 --opt_for_speed=2 --include_path="D:/6_CncServo/1_CncServoCode/2_KCNC_T220_2P0_020_TI28346/T220_2P0_020_C0P0_TI28346_241128_0919/Include" --include_path="C:/ti/ccs1281/ccs/tools/compiler/ti-cgt-c2000_22.6.1.LTS/Include" -g --diag_warning=225 --display_error_number --abi=coffabi --preproc_with_compile --preproc_dependency="Source/Fnd_key.d_raw" --obj_directory="Source"  "../Source/Fnd_key.c"
Finished building: "../Source/Fnd_key.c"
 
Building file: "../Source/GPIO.c"
Invoking: C2000 Compiler
"C:/ti/ccs1281/ccs/tools/compiler/ti-cgt-c2000_22.6.1.LTS/bin/cl2000" -v28 -ml -mt --float_support=fpu32 -O4 --opt_for_speed=2 --include_path="D:/6_CncServo/1_CncServoCode/2_KCNC_T220_2P0_020_TI28346/T220_2P0_020_C0P0_TI28346_241128_0919/Include" --include_path="C:/ti/ccs1281/ccs/tools/compiler/ti-cgt-c2000_22.6.1.LTS/Include" -g --diag_warning=225 --display_error_number --abi=coffabi --preproc_with_compile --preproc_dependency="Source/GPIO.d_raw" --obj_directory="Source"  "../Source/GPIO.c"
Finished building: "../Source/GPIO.c"
 
Building file: "../Source/I2C.c"
Invoking: C2000 Compiler
"C:/ti/ccs1281/ccs/tools/compiler/ti-cgt-c2000_22.6.1.LTS/bin/cl2000" -v28 -ml -mt --float_support=fpu32 -O4 --opt_for_speed=2 --include_path="D:/6_CncServo/1_CncServoCode/2_KCNC_T220_2P0_020_TI28346/T220_2P0_020_C0P0_TI28346_241128_0919/Include" --include_path="C:/ti/ccs1281/ccs/tools/compiler/ti-cgt-c2000_22.6.1.LTS/Include" -g --diag_warning=225 --display_error_number --abi=coffabi --preproc_with_compile --preproc_dependency="Source/I2C.d_raw" --obj_directory="Source"  "../Source/I2C.c"
Finished building: "../Source/I2C.c"
 
Building file: "../Source/LED.c"
Invoking: C2000 Compiler
"C:/ti/ccs1281/ccs/tools/compiler/ti-cgt-c2000_22.6.1.LTS/bin/cl2000" -v28 -ml -mt --float_support=fpu32 -O4 --opt_for_speed=2 --include_path="D:/6_CncServo/1_CncServoCode/2_KCNC_T220_2P0_020_TI28346/T220_2P0_020_C0P0_TI28346_241128_0919/Include" --include_path="C:/ti/ccs1281/ccs/tools/compiler/ti-cgt-c2000_22.6.1.LTS/Include" -g --diag_warning=225 --display_error_number --abi=coffabi --preproc_with_compile --preproc_dependency="Source/LED.d_raw" --obj_directory="Source"  "../Source/LED.c"
Finished building: "../Source/LED.c"
 
Building file: "../Source/LPF.c"
Invoking: C2000 Compiler
"C:/ti/ccs1281/ccs/tools/compiler/ti-cgt-c2000_22.6.1.LTS/bin/cl2000" -v28 -ml -mt --float_support=fpu32 -O4 --opt_for_speed=2 --include_path="D:/6_CncServo/1_CncServoCode/2_KCNC_T220_2P0_020_TI28346/T220_2P0_020_C0P0_TI28346_241128_0919/Include" --include_path="C:/ti/ccs1281/ccs/tools/compiler/ti-cgt-c2000_22.6.1.LTS/Include" -g --diag_warning=225 --display_error_number --abi=coffabi --preproc_with_compile --preproc_dependency="Source/LPF.d_raw" --obj_directory="Source"  "../Source/LPF.c"
Finished building: "../Source/LPF.c"
 
Building file: "../Source/M1_Interrupt.c"
Invoking: C2000 Compiler
"C:/ti/ccs1281/ccs/tools/compiler/ti-cgt-c2000_22.6.1.LTS/bin/cl2000" -v28 -ml -mt --float_support=fpu32 -O4 --opt_for_speed=2 --include_path="D:/6_CncServo/1_CncServoCode/2_KCNC_T220_2P0_020_TI28346/T220_2P0_020_C0P0_TI28346_241128_0919/Include" --include_path="C:/ti/ccs1281/ccs/tools/compiler/ti-cgt-c2000_22.6.1.LTS/Include" -g --diag_warning=225 --display_error_number --abi=coffabi --preproc_with_compile --preproc_dependency="Source/M1_Interrupt.d_raw" --obj_directory="Source"  "../Source/M1_Interrupt.c"
Finished building: "../Source/M1_Interrupt.c"
 
Building file: "../Source/M2_Interrupt.c"
Invoking: C2000 Compiler
"C:/ti/ccs1281/ccs/tools/compiler/ti-cgt-c2000_22.6.1.LTS/bin/cl2000" -v28 -ml -mt --float_support=fpu32 -O4 --opt_for_speed=2 --include_path="D:/6_CncServo/1_CncServoCode/2_KCNC_T220_2P0_020_TI28346/T220_2P0_020_C0P0_TI28346_241128_0919/Include" --include_path="C:/ti/ccs1281/ccs/tools/compiler/ti-cgt-c2000_22.6.1.LTS/Include" -g --diag_warning=225 --display_error_number --abi=coffabi --preproc_with_compile --preproc_dependency="Source/M2_Interrupt.d_raw" --obj_directory="Source"  "../Source/M2_Interrupt.c"
Finished building: "../Source/M2_Interrupt.c"
 
Building file: "../Source/McBSP.c"
Invoking: C2000 Compiler
"C:/ti/ccs1281/ccs/tools/compiler/ti-cgt-c2000_22.6.1.LTS/bin/cl2000" -v28 -ml -mt --float_support=fpu32 -O4 --opt_for_speed=2 --include_path="D:/6_CncServo/1_CncServoCode/2_KCNC_T220_2P0_020_TI28346/T220_2P0_020_C0P0_TI28346_241128_0919/Include" --include_path="C:/ti/ccs1281/ccs/tools/compiler/ti-cgt-c2000_22.6.1.LTS/Include" -g --diag_warning=225 --display_error_number --abi=coffabi --preproc_with_compile --preproc_dependency="Source/McBSP.d_raw" --obj_directory="Source"  "../Source/McBSP.c"
Finished building: "../Source/McBSP.c"
 
Building file: "../Source/Motor_Control.c"
Invoking: C2000 Compiler
"C:/ti/ccs1281/ccs/tools/compiler/ti-cgt-c2000_22.6.1.LTS/bin/cl2000" -v28 -ml -mt --float_support=fpu32 -O4 --opt_for_speed=2 --include_path="D:/6_CncServo/1_CncServoCode/2_KCNC_T220_2P0_020_TI28346/T220_2P0_020_C0P0_TI28346_241128_0919/Include" --include_path="C:/ti/ccs1281/ccs/tools/compiler/ti-cgt-c2000_22.6.1.LTS/Include" -g --diag_warning=225 --display_error_number --abi=coffabi --preproc_with_compile --preproc_dependency="Source/Motor_Control.d_raw" --obj_directory="Source"  "../Source/Motor_Control.c"
Finished building: "../Source/Motor_Control.c"
 
Building file: "../Source/PC_ATC.c"
Invoking: C2000 Compiler
"C:/ti/ccs1281/ccs/tools/compiler/ti-cgt-c2000_22.6.1.LTS/bin/cl2000" -v28 -ml -mt --float_support=fpu32 -O4 --opt_for_speed=2 --include_path="D:/6_CncServo/1_CncServoCode/2_KCNC_T220_2P0_020_TI28346/T220_2P0_020_C0P0_TI28346_241128_0919/Include" --include_path="C:/ti/ccs1281/ccs/tools/compiler/ti-cgt-c2000_22.6.1.LTS/Include" -g --diag_warning=225 --display_error_number --abi=coffabi --preproc_with_compile --preproc_dependency="Source/PC_ATC.d_raw" --obj_directory="Source"  "../Source/PC_ATC.c"
Finished building: "../Source/PC_ATC.c"
 
Building file: "../Source/PC_ATC_Main.c"
Invoking: C2000 Compiler
"C:/ti/ccs1281/ccs/tools/compiler/ti-cgt-c2000_22.6.1.LTS/bin/cl2000" -v28 -ml -mt --float_support=fpu32 -O4 --opt_for_speed=2 --include_path="D:/6_CncServo/1_CncServoCode/2_KCNC_T220_2P0_020_TI28346/T220_2P0_020_C0P0_TI28346_241128_0919/Include" --include_path="C:/ti/ccs1281/ccs/tools/compiler/ti-cgt-c2000_22.6.1.LTS/Include" -g --diag_warning=225 --display_error_number --abi=coffabi --preproc_with_compile --preproc_dependency="Source/PC_ATC_Main.d_raw" --obj_directory="Source"  "../Source/PC_ATC_Main.c"
Finished building: "../Source/PC_ATC_Main.c"
 
Building file: "../Source/PC_TURRET.c"
Invoking: C2000 Compiler
"C:/ti/ccs1281/ccs/tools/compiler/ti-cgt-c2000_22.6.1.LTS/bin/cl2000" -v28 -ml -mt --float_support=fpu32 -O4 --opt_for_speed=2 --include_path="D:/6_CncServo/1_CncServoCode/2_KCNC_T220_2P0_020_TI28346/T220_2P0_020_C0P0_TI28346_241128_0919/Include" --include_path="C:/ti/ccs1281/ccs/tools/compiler/ti-cgt-c2000_22.6.1.LTS/Include" -g --diag_warning=225 --display_error_number --abi=coffabi --preproc_with_compile --preproc_dependency="Source/PC_TURRET.d_raw" --obj_directory="Source"  "../Source/PC_TURRET.c"
Finished building: "../Source/PC_TURRET.c"
 
Building file: "../Source/Position_Speed.c"
Invoking: C2000 Compiler
"C:/ti/ccs1281/ccs/tools/compiler/ti-cgt-c2000_22.6.1.LTS/bin/cl2000" -v28 -ml -mt --float_support=fpu32 -O4 --opt_for_speed=2 --include_path="D:/6_CncServo/1_CncServoCode/2_KCNC_T220_2P0_020_TI28346/T220_2P0_020_C0P0_TI28346_241128_0919/Include" --include_path="C:/ti/ccs1281/ccs/tools/compiler/ti-cgt-c2000_22.6.1.LTS/Include" -g --diag_warning=225 --display_error_number --abi=coffabi --preproc_with_compile --preproc_dependency="Source/Position_Speed.d_raw" --obj_directory="Source"  "../Source/Position_Speed.c"
Finished building: "../Source/Position_Speed.c"
 
Building file: "../Source/SCI.c"
Invoking: C2000 Compiler
"C:/ti/ccs1281/ccs/tools/compiler/ti-cgt-c2000_22.6.1.LTS/bin/cl2000" -v28 -ml -mt --float_support=fpu32 -O4 --opt_for_speed=2 --include_path="D:/6_CncServo/1_CncServoCode/2_KCNC_T220_2P0_020_TI28346/T220_2P0_020_C0P0_TI28346_241128_0919/Include" --include_path="C:/ti/ccs1281/ccs/tools/compiler/ti-cgt-c2000_22.6.1.LTS/Include" -g --diag_warning=225 --display_error_number --abi=coffabi --preproc_with_compile --preproc_dependency="Source/SCI.d_raw" --obj_directory="Source"  "../Source/SCI.c"
Finished building: "../Source/SCI.c"
 
Building file: "../Source/SPI.c"
Invoking: C2000 Compiler
"C:/ti/ccs1281/ccs/tools/compiler/ti-cgt-c2000_22.6.1.LTS/bin/cl2000" -v28 -ml -mt --float_support=fpu32 -O4 --opt_for_speed=2 --include_path="D:/6_CncServo/1_CncServoCode/2_KCNC_T220_2P0_020_TI28346/T220_2P0_020_C0P0_TI28346_241128_0919/Include" --include_path="C:/ti/ccs1281/ccs/tools/compiler/ti-cgt-c2000_22.6.1.LTS/Include" -g --diag_warning=225 --display_error_number --abi=coffabi --preproc_with_compile --preproc_dependency="Source/SPI.d_raw" --obj_directory="Source"  "../Source/SPI.c"
Finished building: "../Source/SPI.c"
 
Building file: "../Source/SVPWM.c"
Invoking: C2000 Compiler
"C:/ti/ccs1281/ccs/tools/compiler/ti-cgt-c2000_22.6.1.LTS/bin/cl2000" -v28 -ml -mt --float_support=fpu32 -O4 --opt_for_speed=2 --include_path="D:/6_CncServo/1_CncServoCode/2_KCNC_T220_2P0_020_TI28346/T220_2P0_020_C0P0_TI28346_241128_0919/Include" --include_path="C:/ti/ccs1281/ccs/tools/compiler/ti-cgt-c2000_22.6.1.LTS/Include" -g --diag_warning=225 --display_error_number --abi=coffabi --preproc_with_compile --preproc_dependency="Source/SVPWM.d_raw" --obj_directory="Source"  "../Source/SVPWM.c"
Finished building: "../Source/SVPWM.c"
 
Building file: "../Source/Sensor.c"
Invoking: C2000 Compiler
"C:/ti/ccs1281/ccs/tools/compiler/ti-cgt-c2000_22.6.1.LTS/bin/cl2000" -v28 -ml -mt --float_support=fpu32 -O4 --opt_for_speed=2 --include_path="D:/6_CncServo/1_CncServoCode/2_KCNC_T220_2P0_020_TI28346/T220_2P0_020_C0P0_TI28346_241128_0919/Include" --include_path="C:/ti/ccs1281/ccs/tools/compiler/ti-cgt-c2000_22.6.1.LTS/Include" -g --diag_warning=225 --display_error_number --abi=coffabi --preproc_with_compile --preproc_dependency="Source/Sensor.d_raw" --obj_directory="Source"  "../Source/Sensor.c"
Finished building: "../Source/Sensor.c"
 
Building file: "../Source/SysCtrl.c"
Invoking: C2000 Compiler
"C:/ti/ccs1281/ccs/tools/compiler/ti-cgt-c2000_22.6.1.LTS/bin/cl2000" -v28 -ml -mt --float_support=fpu32 -O4 --opt_for_speed=2 --include_path="D:/6_CncServo/1_CncServoCode/2_KCNC_T220_2P0_020_TI28346/T220_2P0_020_C0P0_TI28346_241128_0919/Include" --include_path="C:/ti/ccs1281/ccs/tools/compiler/ti-cgt-c2000_22.6.1.LTS/Include" -g --diag_warning=225 --display_error_number --abi=coffabi --preproc_with_compile --preproc_dependency="Source/SysCtrl.d_raw" --obj_directory="Source"  "../Source/SysCtrl.c"
Finished building: "../Source/SysCtrl.c"
 
Building file: "../Source/Torque_Control.c"
Invoking: C2000 Compiler
"C:/ti/ccs1281/ccs/tools/compiler/ti-cgt-c2000_22.6.1.LTS/bin/cl2000" -v28 -ml -mt --float_support=fpu32 -O4 --opt_for_speed=2 --include_path="D:/6_CncServo/1_CncServoCode/2_KCNC_T220_2P0_020_TI28346/T220_2P0_020_C0P0_TI28346_241128_0919/Include" --include_path="C:/ti/ccs1281/ccs/tools/compiler/ti-cgt-c2000_22.6.1.LTS/Include" -g --diag_warning=225 --display_error_number --abi=coffabi --preproc_with_compile --preproc_dependency="Source/Torque_Control.d_raw" --obj_directory="Source"  "../Source/Torque_Control.c"
Finished building: "../Source/Torque_Control.c"
 
Building file: "../Source/WatchDog.c"
Invoking: C2000 Compiler
"C:/ti/ccs1281/ccs/tools/compiler/ti-cgt-c2000_22.6.1.LTS/bin/cl2000" -v28 -ml -mt --float_support=fpu32 -O4 --opt_for_speed=2 --include_path="D:/6_CncServo/1_CncServoCode/2_KCNC_T220_2P0_020_TI28346/T220_2P0_020_C0P0_TI28346_241128_0919/Include" --include_path="C:/ti/ccs1281/ccs/tools/compiler/ti-cgt-c2000_22.6.1.LTS/Include" -g --diag_warning=225 --display_error_number --abi=coffabi --preproc_with_compile --preproc_dependency="Source/WatchDog.d_raw" --obj_directory="Source"  "../Source/WatchDog.c"
Finished building: "../Source/WatchDog.c"
 
Building file: "../Source/Xintf.c"
Invoking: C2000 Compiler
"C:/ti/ccs1281/ccs/tools/compiler/ti-cgt-c2000_22.6.1.LTS/bin/cl2000" -v28 -ml -mt --float_support=fpu32 -O4 --opt_for_speed=2 --include_path="D:/6_CncServo/1_CncServoCode/2_KCNC_T220_2P0_020_TI28346/T220_2P0_020_C0P0_TI28346_241128_0919/Include" --include_path="C:/ti/ccs1281/ccs/tools/compiler/ti-cgt-c2000_22.6.1.LTS/Include" -g --diag_warning=225 --display_error_number --abi=coffabi --preproc_with_compile --preproc_dependency="Source/Xintf.d_raw" --obj_directory="Source"  "../Source/Xintf.c"
Finished building: "../Source/Xintf.c"
 
Building file: "../Source/ePWM.c"
Invoking: C2000 Compiler
"C:/ti/ccs1281/ccs/tools/compiler/ti-cgt-c2000_22.6.1.LTS/bin/cl2000" -v28 -ml -mt --float_support=fpu32 -O4 --opt_for_speed=2 --include_path="D:/6_CncServo/1_CncServoCode/2_KCNC_T220_2P0_020_TI28346/T220_2P0_020_C0P0_TI28346_241128_0919/Include" --include_path="C:/ti/ccs1281/ccs/tools/compiler/ti-cgt-c2000_22.6.1.LTS/Include" -g --diag_warning=225 --display_error_number --abi=coffabi --preproc_with_compile --preproc_dependency="Source/ePWM.d_raw" --obj_directory="Source"  "../Source/ePWM.c"
Finished building: "../Source/ePWM.c"
 
Building file: "../Source/eQEP.c"
Invoking: C2000 Compiler
"C:/ti/ccs1281/ccs/tools/compiler/ti-cgt-c2000_22.6.1.LTS/bin/cl2000" -v28 -ml -mt --float_support=fpu32 -O4 --opt_for_speed=2 --include_path="D:/6_CncServo/1_CncServoCode/2_KCNC_T220_2P0_020_TI28346/T220_2P0_020_C0P0_TI28346_241128_0919/Include" --include_path="C:/ti/ccs1281/ccs/tools/compiler/ti-cgt-c2000_22.6.1.LTS/Include" -g --diag_warning=225 --display_error_number --abi=coffabi --preproc_with_compile --preproc_dependency="Source/eQEP.d_raw" --obj_directory="Source"  "../Source/eQEP.c"
Finished building: "../Source/eQEP.c"
 
Building file: "../Source/main.c"
Invoking: C2000 Compiler
"C:/ti/ccs1281/ccs/tools/compiler/ti-cgt-c2000_22.6.1.LTS/bin/cl2000" -v28 -ml -mt --float_support=fpu32 -O4 --opt_for_speed=2 --include_path="D:/6_CncServo/1_CncServoCode/2_KCNC_T220_2P0_020_TI28346/T220_2P0_020_C0P0_TI28346_241128_0919/Include" --include_path="C:/ti/ccs1281/ccs/tools/compiler/ti-cgt-c2000_22.6.1.LTS/Include" -g --diag_warning=225 --display_error_number --abi=coffabi --preproc_with_compile --preproc_dependency="Source/main.d_raw" --obj_directory="Source"  "../Source/main.c"
Finished building: "../Source/main.c"
 
Building target: "T220_2P0_020_C0P0_TI28346_241128_0919.out"
Invoking: C2000 Linker
"C:/ti/ccs1281/ccs/tools/compiler/ti-cgt-c2000_22.6.1.LTS/bin/cl2000" -v28 -ml -mt --float_support=fpu32 -O4 --opt_for_speed=2 -g --diag_warning=225 --display_error_number --abi=coffabi -z -m"T220_2P0_020_C0P0_TI28346_241128_0919.map" --stack_size=0x300 --warn_sections -i"C:/ti/ccs1281/ccs/tools/compiler/ti-cgt-c2000_22.6.1.LTS/lib" -i"D:/6_CncServo/1_CncServoCode/2_KCNC_T220_2P0_020_TI28346/T220_2P0_020_C0P0_TI28346_241128_0919/Source" -i"C:/ti/ccs1281/ccs/tools/compiler/ti-cgt-c2000_22.6.1.LTS/include" --reread_libs --display_error_number --xml_link_info="T220_2P0_020_C0P0_TI28346_241128_0919_linkInfo.xml" --rom_model -o "T220_2P0_020_C0P0_TI28346_241128_0919.out" "./Source/Auto_Angle.obj" "./Source/Auto_Mode.obj" "./Source/CAN.obj" "./Source/CPUTimers.obj" "./Source/Communication.obj" "./Source/DAC.obj" "./Source/DSP2834x_CodeStartBranch.obj" "./Source/DSP2834x_GlobalVariableDefs.obj" "./Source/DSP2834x_usDelay.obj" "./Source/EXT_FPGA.obj" "./Source/Fault.obj" "./Source/Fnd_key.obj" "./Source/GPIO.obj" "./Source/I2C.obj" "./Source/LED.obj" "./Source/LPF.obj" "./Source/M1_Interrupt.obj" "./Source/M2_Interrupt.obj" "./Source/McBSP.obj" "./Source/Motor_Control.obj" "./Source/PC_ATC.obj" "./Source/PC_ATC_Main.obj" "./Source/PC_TURRET.obj" "./Source/Position_Speed.obj" "./Source/SCI.obj" "./Source/SPI.obj" "./Source/SVPWM.obj" "./Source/Sensor.obj" "./Source/SysCtrl.obj" "./Source/Torque_Control.obj" "./Source/WatchDog.obj" "./Source/Xintf.obj" "./Source/ePWM.obj" "./Source/eQEP.obj" "./Source/main.obj" "../28346_RAM_lnk.cmd" "../DSP2834x_M25P40.lib" "../cmd/DSP2834x_Headers_nonBIOS.cmd"  -llibc.a 
<Linking>
Finished building target: "T220_2P0_020_C0P0_TI28346_241128_0919.out"
 
Building secondary target: "T220_2P0_020_C0P0_TI28346_241128_0919.hex"
Invoking: C2000 Hex Utility
"C:/ti/ccs1281/ccs/tools/compiler/ti-cgt-c2000_22.6.1.LTS/bin/hex2000" --entrypoint=0x000000 --diag_wrap=off --boot --lospcp=0 --spi8 --spibrr=3 --intel -o "T220_2P0_020_C0P0_TI28346_241128_0919.hex"  "T220_2P0_020_C0P0_TI28346_241128_0919.out" 
Translating to Intel format...
   "T220_2P0_020_C0P0_TI28346_241128_0919.out" codestart ==> (BOOT TABLE)
   "T220_2P0_020_C0P0_TI28346_241128_0919.out" ramfuncs ==> (BOOT TABLE)
   "T220_2P0_020_C0P0_TI28346_241128_0919.out" .cinit ==> (BOOT TABLE)
   "T220_2P0_020_C0P0_TI28346_241128_0919.out" .switch ==> (BOOT TABLE)
   "T220_2P0_020_C0P0_TI28346_241128_0919.out" .econst ==> (BOOT TABLE)
   "T220_2P0_020_C0P0_TI28346_241128_0919.out" .text.1 ==> (BOOT TABLE)
   "T220_2P0_020_C0P0_TI28346_241128_0919.out" .text.2 ==> (BOOT TABLE)
Finished building secondary target: "T220_2P0_020_C0P0_TI28346_241128_0919.hex"
 

**** Build Finished ****
