
**** Build of configuration Debug for project T220_2P0_020_C0P0_TI28346_250312_1114 ****

"C:\\ti\\ccs1281\\ccs\\utils\\bin\\gmake" -k all 
 
Building file: "../ASW/slprj/ert/_sharedutils/look1_iflf_binlca.c"
Invoking: C2000 Compiler
"C:/ti/ccs1281/ccs/tools/compiler/ti-cgt-c2000_22.6.1.LTS/bin/cl2000" -v28 -ml -mt --float_support=fpu32 -O4 --opt_for_speed=2 --include_path="D:/6_CncServo/1_CncServoCode/2_KCNC_T220_2P0_020_TI28346/T220_2P0_020_C0P0_TI28346_250312_1114/BSW/Include" --include_path="D:/6_CncServo/1_CncServoCode/2_KCNC_T220_2P0_020_TI28346/T220_2P0_020_C0P0_TI28346_250312_1114/BSW/Source" --include_path="C:/ti/ccs1281/ccs/tools/compiler/ti-cgt-c2000_22.6.1.LTS/Include" --include_path="D:/6_CncServo/1_CncServoCode/2_KCNC_T220_2P0_020_TI28346/T220_2P0_020_C0P0_TI28346_250312_1114/ASW/slprj/ert/_sharedutils" -g --diag_warning=225 --display_error_number --abi=coffabi --preproc_with_compile --preproc_dependency="ASW/slprj/ert/_sharedutils/look1_iflf_binlca.d_raw" --obj_directory="ASW/slprj/ert/_sharedutils"  "../ASW/slprj/ert/_sharedutils/look1_iflf_binlca.c"
Finished building: "../ASW/slprj/ert/_sharedutils/look1_iflf_binlca.c"
 
Building file: "../BSW/Source/CAN.c"
Invoking: C2000 Compiler
"C:/ti/ccs1281/ccs/tools/compiler/ti-cgt-c2000_22.6.1.LTS/bin/cl2000" -v28 -ml -mt --float_support=fpu32 -O4 --opt_for_speed=2 --include_path="D:/6_CncServo/1_CncServoCode/2_KCNC_T220_2P0_020_TI28346/T220_2P0_020_C0P0_TI28346_250312_1114/BSW/Include" --include_path="D:/6_CncServo/1_CncServoCode/2_KCNC_T220_2P0_020_TI28346/T220_2P0_020_C0P0_TI28346_250312_1114/BSW/Source" --include_path="C:/ti/ccs1281/ccs/tools/compiler/ti-cgt-c2000_22.6.1.LTS/Include" --include_path="D:/6_CncServo/1_CncServoCode/2_KCNC_T220_2P0_020_TI28346/T220_2P0_020_C0P0_TI28346_250312_1114/ASW/slprj/ert/_sharedutils" -g --diag_warning=225 --display_error_number --abi=coffabi --preproc_with_compile --preproc_dependency="BSW/Source/CAN.d_raw" --obj_directory="BSW/Source"  "../BSW/Source/CAN.c"
Finished building: "../BSW/Source/CAN.c"
 
Building file: "../BSW/Source/CPUTimers.c"
Invoking: C2000 Compiler
"C:/ti/ccs1281/ccs/tools/compiler/ti-cgt-c2000_22.6.1.LTS/bin/cl2000" -v28 -ml -mt --float_support=fpu32 -O4 --opt_for_speed=2 --include_path="D:/6_CncServo/1_CncServoCode/2_KCNC_T220_2P0_020_TI28346/T220_2P0_020_C0P0_TI28346_250312_1114/BSW/Include" --include_path="D:/6_CncServo/1_CncServoCode/2_KCNC_T220_2P0_020_TI28346/T220_2P0_020_C0P0_TI28346_250312_1114/BSW/Source" --include_path="C:/ti/ccs1281/ccs/tools/compiler/ti-cgt-c2000_22.6.1.LTS/Include" --include_path="D:/6_CncServo/1_CncServoCode/2_KCNC_T220_2P0_020_TI28346/T220_2P0_020_C0P0_TI28346_250312_1114/ASW/slprj/ert/_sharedutils" -g --diag_warning=225 --display_error_number --abi=coffabi --preproc_with_compile --preproc_dependency="BSW/Source/CPUTimers.d_raw" --obj_directory="BSW/Source"  "../BSW/Source/CPUTimers.c"
Finished building: "../BSW/Source/CPUTimers.c"
 
Building file: "../BSW/Source/DAC.c"
Invoking: C2000 Compiler
"C:/ti/ccs1281/ccs/tools/compiler/ti-cgt-c2000_22.6.1.LTS/bin/cl2000" -v28 -ml -mt --float_support=fpu32 -O4 --opt_for_speed=2 --include_path="D:/6_CncServo/1_CncServoCode/2_KCNC_T220_2P0_020_TI28346/T220_2P0_020_C0P0_TI28346_250312_1114/BSW/Include" --include_path="D:/6_CncServo/1_CncServoCode/2_KCNC_T220_2P0_020_TI28346/T220_2P0_020_C0P0_TI28346_250312_1114/BSW/Source" --include_path="C:/ti/ccs1281/ccs/tools/compiler/ti-cgt-c2000_22.6.1.LTS/Include" --include_path="D:/6_CncServo/1_CncServoCode/2_KCNC_T220_2P0_020_TI28346/T220_2P0_020_C0P0_TI28346_250312_1114/ASW/slprj/ert/_sharedutils" -g --diag_warning=225 --display_error_number --abi=coffabi --preproc_with_compile --preproc_dependency="BSW/Source/DAC.d_raw" --obj_directory="BSW/Source"  "../BSW/Source/DAC.c"
Finished building: "../BSW/Source/DAC.c"
 
Building file: "../BSW/Source/DSP2834x_CodeStartBranch.asm"
Invoking: C2000 Compiler
"C:/ti/ccs1281/ccs/tools/compiler/ti-cgt-c2000_22.6.1.LTS/bin/cl2000" -v28 -ml -mt --float_support=fpu32 -O4 --opt_for_speed=2 --include_path="D:/6_CncServo/1_CncServoCode/2_KCNC_T220_2P0_020_TI28346/T220_2P0_020_C0P0_TI28346_250312_1114/BSW/Include" --include_path="D:/6_CncServo/1_CncServoCode/2_KCNC_T220_2P0_020_TI28346/T220_2P0_020_C0P0_TI28346_250312_1114/BSW/Source" --include_path="C:/ti/ccs1281/ccs/tools/compiler/ti-cgt-c2000_22.6.1.LTS/Include" --include_path="D:/6_CncServo/1_CncServoCode/2_KCNC_T220_2P0_020_TI28346/T220_2P0_020_C0P0_TI28346_250312_1114/ASW/slprj/ert/_sharedutils" -g --diag_warning=225 --display_error_number --abi=coffabi --preproc_with_compile --preproc_dependency="BSW/Source/DSP2834x_CodeStartBranch.d_raw" --obj_directory="BSW/Source"  "../BSW/Source/DSP2834x_CodeStartBranch.asm"
Finished building: "../BSW/Source/DSP2834x_CodeStartBranch.asm"
 
Building file: "../BSW/Source/DSP2834x_GlobalVariableDefs.c"
Invoking: C2000 Compiler
"C:/ti/ccs1281/ccs/tools/compiler/ti-cgt-c2000_22.6.1.LTS/bin/cl2000" -v28 -ml -mt --float_support=fpu32 -O4 --opt_for_speed=2 --include_path="D:/6_CncServo/1_CncServoCode/2_KCNC_T220_2P0_020_TI28346/T220_2P0_020_C0P0_TI28346_250312_1114/BSW/Include" --include_path="D:/6_CncServo/1_CncServoCode/2_KCNC_T220_2P0_020_TI28346/T220_2P0_020_C0P0_TI28346_250312_1114/BSW/Source" --include_path="C:/ti/ccs1281/ccs/tools/compiler/ti-cgt-c2000_22.6.1.LTS/Include" --include_path="D:/6_CncServo/1_CncServoCode/2_KCNC_T220_2P0_020_TI28346/T220_2P0_020_C0P0_TI28346_250312_1114/ASW/slprj/ert/_sharedutils" -g --diag_warning=225 --display_error_number --abi=coffabi --preproc_with_compile --preproc_dependency="BSW/Source/DSP2834x_GlobalVariableDefs.d_raw" --obj_directory="BSW/Source"  "../BSW/Source/DSP2834x_GlobalVariableDefs.c"
Finished building: "../BSW/Source/DSP2834x_GlobalVariableDefs.c"
 
Building file: "../BSW/Source/DSP2834x_usDelay.asm"
Invoking: C2000 Compiler
"C:/ti/ccs1281/ccs/tools/compiler/ti-cgt-c2000_22.6.1.LTS/bin/cl2000" -v28 -ml -mt --float_support=fpu32 -O4 --opt_for_speed=2 --include_path="D:/6_CncServo/1_CncServoCode/2_KCNC_T220_2P0_020_TI28346/T220_2P0_020_C0P0_TI28346_250312_1114/BSW/Include" --include_path="D:/6_CncServo/1_CncServoCode/2_KCNC_T220_2P0_020_TI28346/T220_2P0_020_C0P0_TI28346_250312_1114/BSW/Source" --include_path="C:/ti/ccs1281/ccs/tools/compiler/ti-cgt-c2000_22.6.1.LTS/Include" --include_path="D:/6_CncServo/1_CncServoCode/2_KCNC_T220_2P0_020_TI28346/T220_2P0_020_C0P0_TI28346_250312_1114/ASW/slprj/ert/_sharedutils" -g --diag_warning=225 --display_error_number --abi=coffabi --preproc_with_compile --preproc_dependency="BSW/Source/DSP2834x_usDelay.d_raw" --obj_directory="BSW/Source"  "../BSW/Source/DSP2834x_usDelay.asm"
Finished building: "../BSW/Source/DSP2834x_usDelay.asm"
 
Building file: "../BSW/Source/EXT_FPGA.c"
Invoking: C2000 Compiler
"C:/ti/ccs1281/ccs/tools/compiler/ti-cgt-c2000_22.6.1.LTS/bin/cl2000" -v28 -ml -mt --float_support=fpu32 -O4 --opt_for_speed=2 --include_path="D:/6_CncServo/1_CncServoCode/2_KCNC_T220_2P0_020_TI28346/T220_2P0_020_C0P0_TI28346_250312_1114/BSW/Include" --include_path="D:/6_CncServo/1_CncServoCode/2_KCNC_T220_2P0_020_TI28346/T220_2P0_020_C0P0_TI28346_250312_1114/BSW/Source" --include_path="C:/ti/ccs1281/ccs/tools/compiler/ti-cgt-c2000_22.6.1.LTS/Include" --include_path="D:/6_CncServo/1_CncServoCode/2_KCNC_T220_2P0_020_TI28346/T220_2P0_020_C0P0_TI28346_250312_1114/ASW/slprj/ert/_sharedutils" -g --diag_warning=225 --display_error_number --abi=coffabi --preproc_with_compile --preproc_dependency="BSW/Source/EXT_FPGA.d_raw" --obj_directory="BSW/Source"  "../BSW/Source/EXT_FPGA.c"
Finished building: "../BSW/Source/EXT_FPGA.c"
 
Building file: "../BSW/Source/GPIO.c"
Invoking: C2000 Compiler
"C:/ti/ccs1281/ccs/tools/compiler/ti-cgt-c2000_22.6.1.LTS/bin/cl2000" -v28 -ml -mt --float_support=fpu32 -O4 --opt_for_speed=2 --include_path="D:/6_CncServo/1_CncServoCode/2_KCNC_T220_2P0_020_TI28346/T220_2P0_020_C0P0_TI28346_250312_1114/BSW/Include" --include_path="D:/6_CncServo/1_CncServoCode/2_KCNC_T220_2P0_020_TI28346/T220_2P0_020_C0P0_TI28346_250312_1114/BSW/Source" --include_path="C:/ti/ccs1281/ccs/tools/compiler/ti-cgt-c2000_22.6.1.LTS/Include" --include_path="D:/6_CncServo/1_CncServoCode/2_KCNC_T220_2P0_020_TI28346/T220_2P0_020_C0P0_TI28346_250312_1114/ASW/slprj/ert/_sharedutils" -g --diag_warning=225 --display_error_number --abi=coffabi --preproc_with_compile --preproc_dependency="BSW/Source/GPIO.d_raw" --obj_directory="BSW/Source"  "../BSW/Source/GPIO.c"
Finished building: "../BSW/Source/GPIO.c"
 
Building file: "../BSW/Source/I2C.c"
Invoking: C2000 Compiler
"C:/ti/ccs1281/ccs/tools/compiler/ti-cgt-c2000_22.6.1.LTS/bin/cl2000" -v28 -ml -mt --float_support=fpu32 -O4 --opt_for_speed=2 --include_path="D:/6_CncServo/1_CncServoCode/2_KCNC_T220_2P0_020_TI28346/T220_2P0_020_C0P0_TI28346_250312_1114/BSW/Include" --include_path="D:/6_CncServo/1_CncServoCode/2_KCNC_T220_2P0_020_TI28346/T220_2P0_020_C0P0_TI28346_250312_1114/BSW/Source" --include_path="C:/ti/ccs1281/ccs/tools/compiler/ti-cgt-c2000_22.6.1.LTS/Include" --include_path="D:/6_CncServo/1_CncServoCode/2_KCNC_T220_2P0_020_TI28346/T220_2P0_020_C0P0_TI28346_250312_1114/ASW/slprj/ert/_sharedutils" -g --diag_warning=225 --display_error_number --abi=coffabi --preproc_with_compile --preproc_dependency="BSW/Source/I2C.d_raw" --obj_directory="BSW/Source"  "../BSW/Source/I2C.c"
Finished building: "../BSW/Source/I2C.c"
 
Building file: "../BSW/Source/L02_ADC_READ.c"
Invoking: C2000 Compiler
"C:/ti/ccs1281/ccs/tools/compiler/ti-cgt-c2000_22.6.1.LTS/bin/cl2000" -v28 -ml -mt --float_support=fpu32 -O4 --opt_for_speed=2 --include_path="D:/6_CncServo/1_CncServoCode/2_KCNC_T220_2P0_020_TI28346/T220_2P0_020_C0P0_TI28346_250312_1114/BSW/Include" --include_path="D:/6_CncServo/1_CncServoCode/2_KCNC_T220_2P0_020_TI28346/T220_2P0_020_C0P0_TI28346_250312_1114/BSW/Source" --include_path="C:/ti/ccs1281/ccs/tools/compiler/ti-cgt-c2000_22.6.1.LTS/Include" --include_path="D:/6_CncServo/1_CncServoCode/2_KCNC_T220_2P0_020_TI28346/T220_2P0_020_C0P0_TI28346_250312_1114/ASW/slprj/ert/_sharedutils" -g --diag_warning=225 --display_error_number --abi=coffabi --preproc_with_compile --preproc_dependency="BSW/Source/L02_ADC_READ.d_raw" --obj_directory="BSW/Source"  "../BSW/Source/L02_ADC_READ.c"
Finished building: "../BSW/Source/L02_ADC_READ.c"
 
Building file: "../BSW/Source/M1_Interrupt.c"
Invoking: C2000 Compiler
"C:/ti/ccs1281/ccs/tools/compiler/ti-cgt-c2000_22.6.1.LTS/bin/cl2000" -v28 -ml -mt --float_support=fpu32 -O4 --opt_for_speed=2 --include_path="D:/6_CncServo/1_CncServoCode/2_KCNC_T220_2P0_020_TI28346/T220_2P0_020_C0P0_TI28346_250312_1114/BSW/Include" --include_path="D:/6_CncServo/1_CncServoCode/2_KCNC_T220_2P0_020_TI28346/T220_2P0_020_C0P0_TI28346_250312_1114/BSW/Source" --include_path="C:/ti/ccs1281/ccs/tools/compiler/ti-cgt-c2000_22.6.1.LTS/Include" --include_path="D:/6_CncServo/1_CncServoCode/2_KCNC_T220_2P0_020_TI28346/T220_2P0_020_C0P0_TI28346_250312_1114/ASW/slprj/ert/_sharedutils" -g --diag_warning=225 --display_error_number --abi=coffabi --preproc_with_compile --preproc_dependency="BSW/Source/M1_Interrupt.d_raw" --obj_directory="BSW/Source"  "../BSW/Source/M1_Interrupt.c"
Finished building: "../BSW/Source/M1_Interrupt.c"
 
Building file: "../BSW/Source/M2_Interrupt.c"
Invoking: C2000 Compiler
"C:/ti/ccs1281/ccs/tools/compiler/ti-cgt-c2000_22.6.1.LTS/bin/cl2000" -v28 -ml -mt --float_support=fpu32 -O4 --opt_for_speed=2 --include_path="D:/6_CncServo/1_CncServoCode/2_KCNC_T220_2P0_020_TI28346/T220_2P0_020_C0P0_TI28346_250312_1114/BSW/Include" --include_path="D:/6_CncServo/1_CncServoCode/2_KCNC_T220_2P0_020_TI28346/T220_2P0_020_C0P0_TI28346_250312_1114/BSW/Source" --include_path="C:/ti/ccs1281/ccs/tools/compiler/ti-cgt-c2000_22.6.1.LTS/Include" --include_path="D:/6_CncServo/1_CncServoCode/2_KCNC_T220_2P0_020_TI28346/T220_2P0_020_C0P0_TI28346_250312_1114/ASW/slprj/ert/_sharedutils" -g --diag_warning=225 --display_error_number --abi=coffabi --preproc_with_compile --preproc_dependency="BSW/Source/M2_Interrupt.d_raw" --obj_directory="BSW/Source"  "../BSW/Source/M2_Interrupt.c"
Finished building: "../BSW/Source/M2_Interrupt.c"
 
Building file: "../BSW/Source/SPI.c"
Invoking: C2000 Compiler
"C:/ti/ccs1281/ccs/tools/compiler/ti-cgt-c2000_22.6.1.LTS/bin/cl2000" -v28 -ml -mt --float_support=fpu32 -O4 --opt_for_speed=2 --include_path="D:/6_CncServo/1_CncServoCode/2_KCNC_T220_2P0_020_TI28346/T220_2P0_020_C0P0_TI28346_250312_1114/BSW/Include" --include_path="D:/6_CncServo/1_CncServoCode/2_KCNC_T220_2P0_020_TI28346/T220_2P0_020_C0P0_TI28346_250312_1114/BSW/Source" --include_path="C:/ti/ccs1281/ccs/tools/compiler/ti-cgt-c2000_22.6.1.LTS/Include" --include_path="D:/6_CncServo/1_CncServoCode/2_KCNC_T220_2P0_020_TI28346/T220_2P0_020_C0P0_TI28346_250312_1114/ASW/slprj/ert/_sharedutils" -g --diag_warning=225 --display_error_number --abi=coffabi --preproc_with_compile --preproc_dependency="BSW/Source/SPI.d_raw" --obj_directory="BSW/Source"  "../BSW/Source/SPI.c"
Finished building: "../BSW/Source/SPI.c"
 
Building file: "../BSW/Source/Sensor.c"
Invoking: C2000 Compiler
"C:/ti/ccs1281/ccs/tools/compiler/ti-cgt-c2000_22.6.1.LTS/bin/cl2000" -v28 -ml -mt --float_support=fpu32 -O4 --opt_for_speed=2 --include_path="D:/6_CncServo/1_CncServoCode/2_KCNC_T220_2P0_020_TI28346/T220_2P0_020_C0P0_TI28346_250312_1114/BSW/Include" --include_path="D:/6_CncServo/1_CncServoCode/2_KCNC_T220_2P0_020_TI28346/T220_2P0_020_C0P0_TI28346_250312_1114/BSW/Source" --include_path="C:/ti/ccs1281/ccs/tools/compiler/ti-cgt-c2000_22.6.1.LTS/Include" --include_path="D:/6_CncServo/1_CncServoCode/2_KCNC_T220_2P0_020_TI28346/T220_2P0_020_C0P0_TI28346_250312_1114/ASW/slprj/ert/_sharedutils" -g --diag_warning=225 --display_error_number --abi=coffabi --preproc_with_compile --preproc_dependency="BSW/Source/Sensor.d_raw" --obj_directory="BSW/Source"  "../BSW/Source/Sensor.c"
Finished building: "../BSW/Source/Sensor.c"
 
Building file: "../BSW/Source/SysCtrl.c"
Invoking: C2000 Compiler
"C:/ti/ccs1281/ccs/tools/compiler/ti-cgt-c2000_22.6.1.LTS/bin/cl2000" -v28 -ml -mt --float_support=fpu32 -O4 --opt_for_speed=2 --include_path="D:/6_CncServo/1_CncServoCode/2_KCNC_T220_2P0_020_TI28346/T220_2P0_020_C0P0_TI28346_250312_1114/BSW/Include" --include_path="D:/6_CncServo/1_CncServoCode/2_KCNC_T220_2P0_020_TI28346/T220_2P0_020_C0P0_TI28346_250312_1114/BSW/Source" --include_path="C:/ti/ccs1281/ccs/tools/compiler/ti-cgt-c2000_22.6.1.LTS/Include" --include_path="D:/6_CncServo/1_CncServoCode/2_KCNC_T220_2P0_020_TI28346/T220_2P0_020_C0P0_TI28346_250312_1114/ASW/slprj/ert/_sharedutils" -g --diag_warning=225 --display_error_number --abi=coffabi --preproc_with_compile --preproc_dependency="BSW/Source/SysCtrl.d_raw" --obj_directory="BSW/Source"  "../BSW/Source/SysCtrl.c"
Finished building: "../BSW/Source/SysCtrl.c"
 
Building file: "../BSW/Source/WatchDog.c"
Invoking: C2000 Compiler
"C:/ti/ccs1281/ccs/tools/compiler/ti-cgt-c2000_22.6.1.LTS/bin/cl2000" -v28 -ml -mt --float_support=fpu32 -O4 --opt_for_speed=2 --include_path="D:/6_CncServo/1_CncServoCode/2_KCNC_T220_2P0_020_TI28346/T220_2P0_020_C0P0_TI28346_250312_1114/BSW/Include" --include_path="D:/6_CncServo/1_CncServoCode/2_KCNC_T220_2P0_020_TI28346/T220_2P0_020_C0P0_TI28346_250312_1114/BSW/Source" --include_path="C:/ti/ccs1281/ccs/tools/compiler/ti-cgt-c2000_22.6.1.LTS/Include" --include_path="D:/6_CncServo/1_CncServoCode/2_KCNC_T220_2P0_020_TI28346/T220_2P0_020_C0P0_TI28346_250312_1114/ASW/slprj/ert/_sharedutils" -g --diag_warning=225 --display_error_number --abi=coffabi --preproc_with_compile --preproc_dependency="BSW/Source/WatchDog.d_raw" --obj_directory="BSW/Source"  "../BSW/Source/WatchDog.c"
Finished building: "../BSW/Source/WatchDog.c"
 
Building file: "../BSW/Source/Xintf.c"
Invoking: C2000 Compiler
"C:/ti/ccs1281/ccs/tools/compiler/ti-cgt-c2000_22.6.1.LTS/bin/cl2000" -v28 -ml -mt --float_support=fpu32 -O4 --opt_for_speed=2 --include_path="D:/6_CncServo/1_CncServoCode/2_KCNC_T220_2P0_020_TI28346/T220_2P0_020_C0P0_TI28346_250312_1114/BSW/Include" --include_path="D:/6_CncServo/1_CncServoCode/2_KCNC_T220_2P0_020_TI28346/T220_2P0_020_C0P0_TI28346_250312_1114/BSW/Source" --include_path="C:/ti/ccs1281/ccs/tools/compiler/ti-cgt-c2000_22.6.1.LTS/Include" --include_path="D:/6_CncServo/1_CncServoCode/2_KCNC_T220_2P0_020_TI28346/T220_2P0_020_C0P0_TI28346_250312_1114/ASW/slprj/ert/_sharedutils" -g --diag_warning=225 --display_error_number --abi=coffabi --preproc_with_compile --preproc_dependency="BSW/Source/Xintf.d_raw" --obj_directory="BSW/Source"  "../BSW/Source/Xintf.c"
Finished building: "../BSW/Source/Xintf.c"
 
Building file: "../BSW/Source/ePWM.c"
Invoking: C2000 Compiler
"C:/ti/ccs1281/ccs/tools/compiler/ti-cgt-c2000_22.6.1.LTS/bin/cl2000" -v28 -ml -mt --float_support=fpu32 -O4 --opt_for_speed=2 --include_path="D:/6_CncServo/1_CncServoCode/2_KCNC_T220_2P0_020_TI28346/T220_2P0_020_C0P0_TI28346_250312_1114/BSW/Include" --include_path="D:/6_CncServo/1_CncServoCode/2_KCNC_T220_2P0_020_TI28346/T220_2P0_020_C0P0_TI28346_250312_1114/BSW/Source" --include_path="C:/ti/ccs1281/ccs/tools/compiler/ti-cgt-c2000_22.6.1.LTS/Include" --include_path="D:/6_CncServo/1_CncServoCode/2_KCNC_T220_2P0_020_TI28346/T220_2P0_020_C0P0_TI28346_250312_1114/ASW/slprj/ert/_sharedutils" -g --diag_warning=225 --display_error_number --abi=coffabi --preproc_with_compile --preproc_dependency="BSW/Source/ePWM.d_raw" --obj_directory="BSW/Source"  "../BSW/Source/ePWM.c"
Finished building: "../BSW/Source/ePWM.c"
 
Building file: "../BSW/Source/eQEP.c"
Invoking: C2000 Compiler
"C:/ti/ccs1281/ccs/tools/compiler/ti-cgt-c2000_22.6.1.LTS/bin/cl2000" -v28 -ml -mt --float_support=fpu32 -O4 --opt_for_speed=2 --include_path="D:/6_CncServo/1_CncServoCode/2_KCNC_T220_2P0_020_TI28346/T220_2P0_020_C0P0_TI28346_250312_1114/BSW/Include" --include_path="D:/6_CncServo/1_CncServoCode/2_KCNC_T220_2P0_020_TI28346/T220_2P0_020_C0P0_TI28346_250312_1114/BSW/Source" --include_path="C:/ti/ccs1281/ccs/tools/compiler/ti-cgt-c2000_22.6.1.LTS/Include" --include_path="D:/6_CncServo/1_CncServoCode/2_KCNC_T220_2P0_020_TI28346/T220_2P0_020_C0P0_TI28346_250312_1114/ASW/slprj/ert/_sharedutils" -g --diag_warning=225 --display_error_number --abi=coffabi --preproc_with_compile --preproc_dependency="BSW/Source/eQEP.d_raw" --obj_directory="BSW/Source"  "../BSW/Source/eQEP.c"
Finished building: "../BSW/Source/eQEP.c"
 
Building file: "../BSW/Source/main.c"
Invoking: C2000 Compiler
"C:/ti/ccs1281/ccs/tools/compiler/ti-cgt-c2000_22.6.1.LTS/bin/cl2000" -v28 -ml -mt --float_support=fpu32 -O4 --opt_for_speed=2 --include_path="D:/6_CncServo/1_CncServoCode/2_KCNC_T220_2P0_020_TI28346/T220_2P0_020_C0P0_TI28346_250312_1114/BSW/Include" --include_path="D:/6_CncServo/1_CncServoCode/2_KCNC_T220_2P0_020_TI28346/T220_2P0_020_C0P0_TI28346_250312_1114/BSW/Source" --include_path="C:/ti/ccs1281/ccs/tools/compiler/ti-cgt-c2000_22.6.1.LTS/Include" --include_path="D:/6_CncServo/1_CncServoCode/2_KCNC_T220_2P0_020_TI28346/T220_2P0_020_C0P0_TI28346_250312_1114/ASW/slprj/ert/_sharedutils" -g --diag_warning=225 --display_error_number --abi=coffabi --preproc_with_compile --preproc_dependency="BSW/Source/main.d_raw" --obj_directory="BSW/Source"  "../BSW/Source/main.c"
Finished building: "../BSW/Source/main.c"
 
Building target: "T220_2P0_020_C0P0_TI28346_250312_1114.out"
Invoking: C2000 Linker
"C:/ti/ccs1281/ccs/tools/compiler/ti-cgt-c2000_22.6.1.LTS/bin/cl2000" -v28 -ml -mt --float_support=fpu32 -O4 --opt_for_speed=2 -g --diag_warning=225 --display_error_number --abi=coffabi -z -m"T220_2P0_020_C0P0_TI28346_250312_1114.map" --stack_size=0x300 --warn_sections -i"C:/ti/ccs1281/ccs/tools/compiler/ti-cgt-c2000_22.6.1.LTS/lib" -i"C:/ti/ccs1281/ccs/tools/compiler/ti-cgt-c2000_22.6.1.LTS/include" --reread_libs --display_error_number --xml_link_info="T220_2P0_020_C0P0_TI28346_250312_1114_linkInfo.xml" --rom_model -o "T220_2P0_020_C0P0_TI28346_250312_1114.out" "./ASW/slprj/ert/_sharedutils/look1_iflf_binlca.obj" "./BSW/Source/CAN.obj" "./BSW/Source/CPUTimers.obj" "./BSW/Source/DAC.obj" "./BSW/Source/DSP2834x_CodeStartBranch.obj" "./BSW/Source/DSP2834x_GlobalVariableDefs.obj" "./BSW/Source/DSP2834x_usDelay.obj" "./BSW/Source/EXT_FPGA.obj" "./BSW/Source/GPIO.obj" "./BSW/Source/I2C.obj" "./BSW/Source/L02_ADC_READ.obj" "./BSW/Source/M1_Interrupt.obj" "./BSW/Source/M2_Interrupt.obj" "./BSW/Source/SPI.obj" "./BSW/Source/Sensor.obj" "./BSW/Source/SysCtrl.obj" "./BSW/Source/WatchDog.obj" "./BSW/Source/Xintf.obj" "./BSW/Source/ePWM.obj" "./BSW/Source/eQEP.obj" "./BSW/Source/main.obj" "../28346_RAM_lnk.cmd" "../DSP2834x_M25P40.lib" "../cmd/DSP2834x_Headers_nonBIOS.cmd"  -llibc.a 
<Linking>
Finished building target: "T220_2P0_020_C0P0_TI28346_250312_1114.out"
 
Building secondary target: "T220_2P0_020_C0P0_TI28346_250312_1114.hex"
Invoking: C2000 Hex Utility
"C:/ti/ccs1281/ccs/tools/compiler/ti-cgt-c2000_22.6.1.LTS/bin/hex2000" --entrypoint=0x000000 --diag_wrap=off --boot --lospcp=0 --spi8 --spibrr=3 --intel -o "T220_2P0_020_C0P0_TI28346_250312_1114.hex"  "T220_2P0_020_C0P0_TI28346_250312_1114.out" 
Translating to Intel format...
   "T220_2P0_020_C0P0_TI28346_250312_1114.out" codestart ==> (BOOT TABLE)
   "T220_2P0_020_C0P0_TI28346_250312_1114.out" ramfuncs ==> (BOOT TABLE)
   "T220_2P0_020_C0P0_TI28346_250312_1114.out" .cinit ==> (BOOT TABLE)
   "T220_2P0_020_C0P0_TI28346_250312_1114.out" .text ==> (BOOT TABLE)
Finished building secondary target: "T220_2P0_020_C0P0_TI28346_250312_1114.hex"
 

**** Build Finished ****
